[debug] [2022-08-17T00:40:55.593Z] ----------------------------------------------------------------------
[debug] [2022-08-17T00:40:55.617Z] Command:       C:\Program Files\nodejs\node.exe C:\Users\Fidelis\AppData\Roaming\npm\node_modules\firebase-tools\lib\bin\firebase.js deploy
[debug] [2022-08-17T00:40:55.620Z] CLI Version:   11.7.0
[debug] [2022-08-17T00:40:55.631Z] Platform:      win32
[debug] [2022-08-17T00:40:55.638Z] Node Version:  v16.13.0
[debug] [2022-08-17T00:40:55.793Z] Time:          Wed Aug 17 2022 03:40:55 GMT+0300 (East Africa Time)
[debug] [2022-08-17T00:40:55.794Z] ----------------------------------------------------------------------
[debug] 
[debug] [2022-08-17T00:40:56.526Z] > command requires scopes: ["email","openid","https://www.googleapis.com/auth/cloudplatformprojects.readonly","https://www.googleapis.com/auth/firebase","https://www.googleapis.com/auth/cloud-platform"]
[debug] [2022-08-17T00:40:56.530Z] > authorizing via signed-in user (fidelisbwire189@gmail.com)
[debug] [2022-08-17T00:40:56.533Z] [iam] checking project kpag-861c2 for permissions ["firebase.projects.get","firebasehosting.sites.update"]
[debug] [2022-08-17T00:40:56.563Z] >>> [apiv2][query] POST https://cloudresourcemanager.googleapis.com/v1/projects/kpag-861c2:testIamPermissions [none]
[debug] [2022-08-17T00:40:56.572Z] >>> [apiv2][(partial)header] POST https://cloudresourcemanager.googleapis.com/v1/projects/kpag-861c2:testIamPermissions x-goog-quota-user=projects/kpag-861c2
[debug] [2022-08-17T00:40:56.574Z] >>> [apiv2][body] POST https://cloudresourcemanager.googleapis.com/v1/projects/kpag-861c2:testIamPermissions {"permissions":["firebase.projects.get","firebasehosting.sites.update"]}
[debug] [2022-08-17T00:41:18.487Z] [iam] error while checking permissions, command may fail: FirebaseError: Failed to make request to https://cloudresourcemanager.googleapis.com/v1/projects/kpag-861c2:testIamPermissions
[debug] [2022-08-17T00:41:18.495Z] >>> [apiv2][query] GET https://firebase.googleapis.com/v1beta1/projects/kpag-861c2 [none]
[debug] [2022-08-17T00:41:29.607Z] Failed to make request to https://firebase.googleapis.com/v1beta1/projects/kpag-861c2
[debug] [2022-08-17T00:41:34.724Z] Error: Timed out.
    at Timeout._onTimeout (C:\Users\Fidelis\AppData\Roaming\npm\node_modules\firebase-tools\lib\utils.js:253:49)
    at listOnTimeout (node:internal/timers:557:17)
    at processTimers (node:internal/timers:500:7)
[error] 
[error] Error: An unexpected error has occurred.
[debug] [2022-08-17T00:43:46.456Z] ----------------------------------------------------------------------
[debug] [2022-08-17T00:43:46.469Z] Command:       C:\Program Files\nodejs\node.exe C:\Users\Fidelis\AppData\Roaming\npm\node_modules\firebase-tools\lib\bin\firebase.js login
[debug] [2022-08-17T00:43:46.472Z] CLI Version:   11.7.0
[debug] [2022-08-17T00:43:46.473Z] Platform:      win32
[debug] [2022-08-17T00:43:46.474Z] Node Version:  v16.13.0
[debug] [2022-08-17T00:43:46.481Z] Time:          Wed Aug 17 2022 03:43:46 GMT+0300 (East Africa Time)
[debug] [2022-08-17T00:43:46.483Z] ----------------------------------------------------------------------
[debug] 
[info] Already logged in as fidelisbwire189@gmail.com
[debug] [2022-08-17T00:43:57.408Z] Error: Timed out.
    at Timeout._onTimeout (C:\Users\Fidelis\AppData\Roaming\npm\node_modules\firebase-tools\lib\utils.js:253:49)
    at listOnTimeout (node:internal/timers:557:17)
    at processTimers (node:internal/timers:500:7)
[error] 
[error] Error: An unexpected error has occurred.
[debug] [2022-08-17T00:44:22.287Z] ----------------------------------------------------------------------
[debug] [2022-08-17T00:44:22.296Z] Command:       C:\Program Files\nodejs\node.exe C:\Users\Fidelis\AppData\Roaming\npm\node_modules\firebase-tools\lib\bin\firebase.js login
[debug] [2022-08-17T00:44:22.299Z] CLI Version:   11.7.0
[debug] [2022-08-17T00:44:22.300Z] Platform:      win32
[debug] [2022-08-17T00:44:22.300Z] Node Version:  v16.13.0
[debug] [2022-08-17T00:44:22.303Z] Time:          Wed Aug 17 2022 03:44:22 GMT+0300 (East Africa Time)
[debug] [2022-08-17T00:44:22.305Z] ----------------------------------------------------------------------
[debug] 
[info] Already logged in as fidelisbwire189@gmail.com
[debug] [2022-08-17T00:44:32.993Z] Error: Timed out.
    at Timeout._onTimeout (C:\Users\Fidelis\AppData\Roaming\npm\node_modules\firebase-tools\lib\utils.js:253:49)
    at listOnTimeout (node:internal/timers:557:17)
    at processTimers (node:internal/timers:500:7)
[error] 
[error] Error: An unexpected error has occurred.
[debug] [2022-08-17T00:55:12.475Z] ----------------------------------------------------------------------
[debug] [2022-08-17T00:55:12.488Z] Command:       C:\Program Files\nodejs\node.exe C:\Users\Fidelis\AppData\Roaming\npm\node_modules\firebase-tools\lib\bin\firebase.js login
[debug] [2022-08-17T00:55:12.493Z] CLI Version:   11.7.0
[debug] [2022-08-17T00:55:12.494Z] Platform:      win32
[debug] [2022-08-17T00:55:12.495Z] Node Version:  v16.13.0
[debug] [2022-08-17T00:55:12.720Z] Time:          Wed Aug 17 2022 03:55:12 GMT+0300 (East Africa Time)
[debug] [2022-08-17T00:55:12.722Z] ----------------------------------------------------------------------
[debug] 
[info] Already logged in as fidelisbwire189@gmail.com
[debug] [2022-08-17T00:55:23.585Z] Error: Timed out.
    at Timeout._onTimeout (C:\Users\Fidelis\AppData\Roaming\npm\node_modules\firebase-tools\lib\utils.js:253:49)
    at listOnTimeout (node:internal/timers:557:17)
    at processTimers (node:internal/timers:500:7)
[error] 
[error] Error: An unexpected error has occurred.
[debug] [2022-08-17T00:57:10.310Z] ----------------------------------------------------------------------
[debug] [2022-08-17T00:57:10.321Z] Command:       C:\Program Files\nodejs\node.exe C:\Users\Fidelis\AppData\Roaming\npm\node_modules\firebase-tools\lib\bin\firebase.js init
[debug] [2022-08-17T00:57:10.323Z] CLI Version:   11.7.0
[debug] [2022-08-17T00:57:10.325Z] Platform:      win32
[debug] [2022-08-17T00:57:10.325Z] Node Version:  v16.13.0
[debug] [2022-08-17T00:57:10.329Z] Time:          Wed Aug 17 2022 03:57:10 GMT+0300 (East Africa Time)
[debug] [2022-08-17T00:57:10.331Z] ----------------------------------------------------------------------
[debug] 
[debug] [2022-08-17T00:57:11.834Z] > command requires scopes: ["email","openid","https://www.googleapis.com/auth/cloudplatformprojects.readonly","https://www.googleapis.com/auth/firebase","https://www.googleapis.com/auth/cloud-platform"]
[debug] [2022-08-17T00:57:11.838Z] > authorizing via signed-in user (fidelisbwire189@gmail.com)
[info] 
     ######## #### ########  ######## ########     ###     ######  ########
     ##        ##  ##     ## ##       ##     ##  ##   ##  ##       ##
     ######    ##  ########  ######   ########  #########  ######  ######
     ##        ##  ##    ##  ##       ##     ## ##     ##       ## ##
     ##       #### ##     ## ######## ########  ##     ##  ######  ########

You're about to initialize a Firebase project in this directory:

  C:\Users\Fidelis

Before we get started, keep in mind:

  * You are initializing within an existing Firebase project directory

[info] 
=== Project Setup
[info] 
[info] First, let's associate this project directory with a Firebase project.
[info] You can create multiple project aliases by running firebase use --add, 
[info] but for now we'll just set up a default project.
[info] 
[debug] [2022-08-17T01:00:53.366Z] Using project from CLI flag: kpag-861c2
[debug] [2022-08-17T01:00:53.379Z] >>> [apiv2][query] GET https://firebase.googleapis.com/v1beta1/projects/kpag-861c2 [none]
[debug] [2022-08-17T01:01:04.924Z] Failed to make request to https://firebase.googleapis.com/v1beta1/projects/kpag-861c2
[debug] [2022-08-17T01:01:10.139Z] Error: Timed out.
    at Timeout._onTimeout (C:\Users\Fidelis\AppData\Roaming\npm\node_modules\firebase-tools\lib\utils.js:253:49)
    at listOnTimeout (node:internal/timers:557:17)
    at processTimers (node:internal/timers:500:7)
[error] 
[error] Error: An unexpected error has occurred.
[debug] [2022-08-16T23:05:55.233Z] ----------------------------------------------------------------------
[debug] [2022-08-16T23:05:55.241Z] Command:       C:\Program Files\nodejs\node.exe C:\Users\Fidelis\AppData\Roaming\npm\node_modules\firebase-tools\lib\bin\firebase.js login
[debug] [2022-08-16T23:05:55.244Z] CLI Version:   11.7.0
[debug] [2022-08-16T23:05:55.245Z] Platform:      win32
[debug] [2022-08-16T23:05:55.246Z] Node Version:  v16.13.0
[debug] [2022-08-16T23:05:55.248Z] Time:          Wed Aug 17 2022 02:05:55 GMT+0300 (East Africa Time)
[debug] [2022-08-16T23:05:55.249Z] ----------------------------------------------------------------------
[debug] 
[info] Already logged in as fidelisbwire189@gmail.com
[debug] [2022-08-16T23:06:05.722Z] Error: Timed out.
    at Timeout._onTimeout (C:\Users\Fidelis\AppData\Roaming\npm\node_modules\firebase-tools\lib\utils.js:253:49)
    at listOnTimeout (node:internal/timers:557:17)
    at processTimers (node:internal/timers:500:7)
[error] 
[error] Error: An unexpected error has occurred.
[debug] [2022-08-16T23:10:02.855Z] ----------------------------------------------------------------------
[debug] [2022-08-16T23:10:02.864Z] Command:       C:\Program Files\nodejs\node.exe C:\Users\Fidelis\AppData\Roaming\npm\node_modules\firebase-tools\lib\bin\firebase.js login
[debug] [2022-08-16T23:10:02.866Z] CLI Version:   11.7.0
[debug] [2022-08-16T23:10:02.867Z] Platform:      win32
[debug] [2022-08-16T23:10:02.867Z] Node Version:  v16.13.0
[debug] [2022-08-16T23:10:02.870Z] Time:          Wed Aug 17 2022 02:10:02 GMT+0300 (East Africa Time)
[debug] [2022-08-16T23:10:02.871Z] ----------------------------------------------------------------------
[debug] 
[info] Already logged in as fidelisbwire189@gmail.com
[debug] [2022-08-16T23:10:13.266Z] Error: Timed out.
    at Timeout._onTimeout (C:\Users\Fidelis\AppData\Roaming\npm\node_modules\firebase-tools\lib\utils.js:253:49)
    at listOnTimeout (node:internal/timers:557:17)
    at processTimers (node:internal/timers:500:7)
[error] 
[error] Error: An unexpected error has occurred.
[debug] [2022-08-16T23:11:00.629Z] ----------------------------------------------------------------------
[debug] [2022-08-16T23:11:00.638Z] Command:       C:\Program Files\nodejs\node.exe C:\Users\Fidelis\AppData\Roaming\npm\node_modules\firebase-tools\lib\bin\firebase.js init
[debug] [2022-08-16T23:11:00.642Z] CLI Version:   11.7.0
[debug] [2022-08-16T23:11:00.643Z] Platform:      win32
[debug] [2022-08-16T23:11:00.643Z] Node Version:  v16.13.0
[debug] [2022-08-16T23:11:00.646Z] Time:          Wed Aug 17 2022 02:11:00 GMT+0300 (East Africa Time)
[debug] [2022-08-16T23:11:00.647Z] ----------------------------------------------------------------------
[debug] 
[debug] [2022-08-16T23:11:00.945Z] > command requires scopes: ["email","openid","https://www.googleapis.com/auth/cloudplatformprojects.readonly","https://www.googleapis.com/auth/firebase","https://www.googleapis.com/auth/cloud-platform"]
[debug] [2022-08-16T23:11:00.948Z] > authorizing via signed-in user (fidelisbwire189@gmail.com)
[info] 
     ######## #### ########  ######## ########     ###     ######  ########
     ##        ##  ##     ## ##       ##     ##  ##   ##  ##       ##
     ######    ##  ########  ######   ########  #########  ######  ######
     ##        ##  ##    ##  ##       ##     ## ##     ##       ## ##
     ##       #### ##     ## ######## ########  ##     ##  ######  ########

You're about to initialize a Firebase project in this directory:

  C:\Users\Fidelis

Before we get started, keep in mind:

  * You are initializing within an existing Firebase project directory

[debug] [2022-08-16T23:11:49.545Z] Error: Timed out.
    at Timeout._onTimeout (C:\Users\Fidelis\AppData\Roaming\npm\node_modules\firebase-tools\lib\utils.js:253:49)
    at listOnTimeout (node:internal/timers:557:17)
    at processTimers (node:internal/timers:500:7)
[error] 
[error] Error: An unexpected error has occurred.
